<?xml version="1.0" encoding="UTF-8"?>
<testng-results ignored="0" total="4" passed="4" failed="0" skipped="0">
  <reporter-output>
  </reporter-output>
  <suite started-at="2024-09-08T12:44:57 EDT" name="Default suite" finished-at="2024-09-08T12:45:09 EDT" duration-ms="11309">
    <groups>
      <group name="cucumber">
        <method signature="AbstractTestNGCucumberTests.runScenario(io.cucumber.testng.PickleWrapper,io.cucumber.testng.FeatureWrapper)[pri:0, instance:cucumberoptions.TestNgRunner@3116c353]" name="runScenario" class="io.cucumber.testng.AbstractTestNGCucumberTests"/>
      </group> <!-- cucumber -->
    </groups>
    <test started-at="2024-09-08T12:44:57 EDT" name="Default test" finished-at="2024-09-08T12:45:09 EDT" duration-ms="11309">
      <class name="cucumberoptions.TestNgRunner">
        <test-method is-config="true" signature="setUpClass(org.testng.ITestContext)[pri:0, instance:cucumberoptions.TestNgRunner@3116c353]" started-at="2024-09-08T12:44:57 EDT" name="setUpClass" finished-at="2024-09-08T12:44:58 EDT" duration-ms="888" status="PASS">
          <params>
            <param index="0">
              <value>
                <![CDATA[org.testng.TestRunner@2ba5aa7a]]>
              </value>
            </param>
          </params>
          <reporter-output>
          </reporter-output>
        </test-method> <!-- setUpClass -->
        <test-method signature="runScenario(io.cucumber.testng.PickleWrapper,io.cucumber.testng.FeatureWrapper)[pri:0, instance:cucumberoptions.TestNgRunner@3116c353]" started-at="2024-09-08T12:44:58 EDT" name="runScenario" description="Runs Cucumber Scenarios" data-provider="scenarios" finished-at="2024-09-08T12:45:08 EDT" duration-ms="9732" status="PASS">
          <params>
            <param index="0">
              <value>
                <![CDATA["Verify the Graph Representations in the Topics"]]>
              </value>
            </param>
            <param index="1">
              <value>
                <![CDATA["Verify Graphs page"]]>
              </value>
            </param>
          </params>
          <reporter-output>
          </reporter-output>
        </test-method> <!-- runScenario -->
        <test-method signature="runScenario(io.cucumber.testng.PickleWrapper,io.cucumber.testng.FeatureWrapper)[pri:0, instance:cucumberoptions.TestNgRunner@3116c353]" started-at="2024-09-08T12:44:58 EDT" name="runScenario" description="Runs Cucumber Scenarios" data-provider="scenarios" finished-at="2024-09-08T12:45:08 EDT" duration-ms="9742" status="PASS">
          <params>
            <param index="0">
              <value>
                <![CDATA["Verify the Graph introduction in the Topics"]]>
              </value>
            </param>
            <param index="1">
              <value>
                <![CDATA["Verify Graphs page"]]>
              </value>
            </param>
          </params>
          <reporter-output>
          </reporter-output>
        </test-method> <!-- runScenario -->
        <test-method signature="runScenario(io.cucumber.testng.PickleWrapper,io.cucumber.testng.FeatureWrapper)[pri:0, instance:cucumberoptions.TestNgRunner@3116c353]" started-at="2024-09-08T12:44:58 EDT" name="runScenario" description="Runs Cucumber Scenarios" data-provider="scenarios" finished-at="2024-09-08T12:45:08 EDT" duration-ms="9896" status="PASS">
          <params>
            <param index="0">
              <value>
                <![CDATA["Verify the Graph introduction in the Topics"]]>
              </value>
            </param>
            <param index="1">
              <value>
                <![CDATA["Verify Graphs page"]]>
              </value>
            </param>
          </params>
          <reporter-output>
          </reporter-output>
        </test-method> <!-- runScenario -->
        <test-method signature="runScenario(io.cucumber.testng.PickleWrapper,io.cucumber.testng.FeatureWrapper)[pri:0, instance:cucumberoptions.TestNgRunner@3116c353]" started-at="2024-09-08T12:44:58 EDT" name="runScenario" description="Runs Cucumber Scenarios" data-provider="scenarios" finished-at="2024-09-08T12:45:08 EDT" duration-ms="9990" status="PASS">
          <params>
            <param index="0">
              <value>
                <![CDATA["Verify the Graph Representations in the Topics"]]>
              </value>
            </param>
            <param index="1">
              <value>
                <![CDATA["Verify Graphs page"]]>
              </value>
            </param>
          </params>
          <reporter-output>
          </reporter-output>
        </test-method> <!-- runScenario -->
        <test-method is-config="true" signature="tearDownClass()[pri:0, instance:cucumberoptions.TestNgRunner@3116c353]" started-at="2024-09-08T12:45:08 EDT" name="tearDownClass" finished-at="2024-09-08T12:45:09 EDT" duration-ms="369" status="PASS">
          <reporter-output>
          </reporter-output>
        </test-method> <!-- tearDownClass -->
      </class> <!-- cucumberoptions.TestNgRunner -->
    </test> <!-- Default test -->
  </suite> <!-- Default suite -->
</testng-results>
